# JRE version: Java(TM) SE Runtime Environment (8.0_51-b16) (build 1.8.0_51-b16)
# Java VM: Java HotSpot(TM) 64-Bit Server VM (25.51-b03 mixed mode windows-amd64 compressed oops)
Heap:
 PSYoungGen      total 42496K, used 14056K [0x00000000d5c00000, 0x00000000daf00000, 0x0000000100000000)
  eden space 32768K, 42% used [0x00000000d5c00000,0x00000000d69ba208,0x00000000d7c00000)
  from space 9728K, 0% used [0x00000000d8580000,0x00000000d8580000,0x00000000d8f00000)
  to   space 9728K, 0% used [0x00000000d7c00000,0x00000000d7c00000,0x00000000d8580000)
 ParOldGen       total 60416K, used 9387K [0x0000000081400000, 0x0000000084f00000, 0x00000000d5c00000)
  object space 60416K, 15% used [0x0000000081400000,0x0000000081d2ad98,0x0000000084f00000)
 Metaspace       used 23075K, capacity 23790K, committed 23936K, reserved 1071104K
  class space    used 2657K, capacity 2901K, committed 2944K, reserved 1048576K
GC Heap History (10 events):
Event: 3.960 GC heap before
{Heap before GC invocations=3 (full 0):
 PSYoungGen      total 38400K, used 38388K [0x00000000d5c00000, 0x00000000d8680000, 0x0000000100000000)
  eden space 33280K, 100% used [0x00000000d5c00000,0x00000000d7c80000,0x00000000d7c80000)
  from space 5120K, 99% used [0x00000000d8180000,0x00000000d867d318,0x00000000d8680000)
  to   space 5120K, 0% used [0x00000000d7c80000,0x00000000d7c80000,0x00000000d8180000)
 ParOldGen       total 87552K, used 2796K [0x0000000081400000, 0x0000000086980000, 0x00000000d5c00000)
  object space 87552K, 3% used [0x0000000081400000,0x00000000816bb348,0x0000000086980000)
 Metaspace       used 15110K, capacity 15416K, committed 15616K, reserved 1062912K
  class space    used 1845K, capacity 1945K, committed 2048K, reserved 1048576K
Event: 3.970 GC heap after
Heap after GC invocations=3 (full 0):
 PSYoungGen      total 38400K, used 5088K [0x00000000d5c00000, 0x00000000d8680000, 0x0000000100000000)
  eden space 33280K, 0% used [0x00000000d5c00000,0x00000000d5c00000,0x00000000d7c80000)
  from space 5120K, 99% used [0x00000000d7c80000,0x00000000d8178020,0x00000000d8180000)
  to   space 5120K, 0% used [0x00000000d8180000,0x00000000d8180000,0x00000000d8680000)
 ParOldGen       total 87552K, used 4650K [0x0000000081400000, 0x0000000086980000, 0x00000000d5c00000)
  object space 87552K, 5% used [0x0000000081400000,0x000000008188a8a8,0x0000000086980000)
 Metaspace       used 15110K, capacity 15416K, committed 15616K, reserved 1062912K
  class space    used 1845K, capacity 1945K, committed 2048K, reserved 1048576K
}
Event: 5.303 GC heap before
{Heap before GC invocations=4 (full 0):
 PSYoungGen      total 38400K, used 38368K [0x00000000d5c00000, 0x00000000d8680000, 0x0000000100000000)
  eden space 33280K, 100% used [0x00000000d5c00000,0x00000000d7c80000,0x00000000d7c80000)
  from space 5120K, 99% used [0x00000000d7c80000,0x00000000d8178020,0x00000000d8180000)
  to   space 5120K, 0% used [0x00000000d8180000,0x00000000d8180000,0x00000000d8680000)
 ParOldGen       total 87552K, used 4650K [0x0000000081400000, 0x0000000086980000, 0x00000000d5c00000)
  object space 87552K, 5% used [0x0000000081400000,0x000000008188a8a8,0x0000000086980000)
 Metaspace       used 16210K, capacity 16618K, committed 16768K, reserved 1064960K
  class space    used 1948K, capacity 2091K, committed 2176K, reserved 1048576K
Event: 5.318 GC heap after
Heap after GC invocations=4 (full 0):
 PSYoungGen      total 38400K, used 5104K [0x00000000d5c00000, 0x00000000d8680000, 0x0000000100000000)
  eden space 33280K, 0% used [0x00000000d5c00000,0x00000000d5c00000,0x00000000d7c80000)
  from space 5120K, 99% used [0x00000000d8180000,0x00000000d867c030,0x00000000d8680000)
  to   space 5120K, 0% used [0x00000000d7c80000,0x00000000d7c80000,0x00000000d8180000)
 ParOldGen       total 87552K, used 7550K [0x0000000081400000, 0x0000000086980000, 0x00000000d5c00000)
  object space 87552K, 8% used [0x0000000081400000,0x0000000081b5fb90,0x0000000086980000)
 Metaspace       used 16210K, capacity 16618K, committed 16768K, reserved 1064960K
  class space    used 1948K, capacity 2091K, committed 2176K, reserved 1048576K
}
Event: 6.620 GC heap before
{Heap before GC invocations=5 (full 0):
 PSYoungGen      total 38400K, used 38384K [0x00000000d5c00000, 0x00000000d8680000, 0x0000000100000000)
  eden space 33280K, 100% used [0x00000000d5c00000,0x00000000d7c80000,0x00000000d7c80000)
  from space 5120K, 99% used [0x00000000d8180000,0x00000000d867c030,0x00000000d8680000)
  to   space 5120K, 0% used [0x00000000d7c80000,0x00000000d7c80000,0x00000000d8180000)
 ParOldGen       total 87552K, used 7550K [0x0000000081400000, 0x0000000086980000, 0x00000000d5c00000)
  object space 87552K, 8% used [0x0000000081400000,0x0000000081b5fb90,0x0000000086980000)
 Metaspace       used 17834K, capacity 18474K, committed 18560K, reserved 1064960K
  class space    used 2138K, capacity 2350K, committed 2432K, reserved 1048576K
Event: 6.643 GC heap after
Heap after GC invocations=5 (full 0):
 PSYoungGen      total 37888K, used 5120K [0x00000000d5c00000, 0x00000000d8f00000, 0x0000000100000000)
  eden space 32768K, 0% used [0x00000000d5c00000,0x00000000d5c00000,0x00000000d7c00000)
  from space 5120K, 100% used [0x00000000d7c80000,0x00000000d8180000,0x00000000d8180000)
  to   space 9728K, 0% used [0x00000000d8580000,0x00000000d8580000,0x00000000d8f00000)
 ParOldGen       total 87552K, used 10568K [0x0000000081400000, 0x0000000086980000, 0x00000000d5c00000)
  object space 87552K, 12% used [0x0000000081400000,0x0000000081e520f0,0x0000000086980000)
 Metaspace       used 17834K, capacity 18474K, committed 18560K, reserved 1064960K
  class space    used 2138K, capacity 2350K, committed 2432K, reserved 1048576K
}
Event: 6.973 GC heap before
{Heap before GC invocations=6 (full 0):
 PSYoungGen      total 37888K, used 8906K [0x00000000d5c00000, 0x00000000d8f00000, 0x0000000100000000)
  eden space 32768K, 11% used [0x00000000d5c00000,0x00000000d5fb2810,0x00000000d7c00000)
  from space 5120K, 100% used [0x00000000d7c80000,0x00000000d8180000,0x00000000d8180000)
  to   space 9728K, 0% used [0x00000000d8580000,0x00000000d8580000,0x00000000d8f00000)
 ParOldGen       total 87552K, used 10568K [0x0000000081400000, 0x0000000086980000, 0x00000000d5c00000)
  object space 87552K, 12% used [0x0000000081400000,0x0000000081e520f0,0x0000000086980000)
 Metaspace       used 20478K, capacity 21176K, committed 21296K, reserved 1069056K
  class space    used 2417K, capacity 2677K, committed 2688K, reserved 1048576K
Event: 6.985 GC heap after
Heap after GC invocations=6 (full 0):
 PSYoungGen      total 42496K, used 5844K [0x00000000d5c00000, 0x00000000daf00000, 0x0000000100000000)
  eden space 32768K, 0% used [0x00000000d5c00000,0x00000000d5c00000,0x00000000d7c00000)
  from space 9728K, 60% used [0x00000000d8580000,0x00000000d8b35300,0x00000000d8f00000)
  to   space 9728K, 0% used [0x00000000d7c00000,0x00000000d7c00000,0x00000000d8580000)
 ParOldGen       total 87552K, used 10576K [0x0000000081400000, 0x0000000086980000, 0x00000000d5c00000)
  object space 87552K, 12% used [0x0000000081400000,0x0000000081e540f0,0x0000000086980000)
 Metaspace       used 20478K, capacity 21176K, committed 21296K, reserved 1069056K
  class space    used 2417K, capacity 2677K, committed 2688K, reserved 1048576K
}
Event: 6.985 GC heap before
{Heap before GC invocations=7 (full 1):
 PSYoungGen      total 42496K, used 5844K [0x00000000d5c00000, 0x00000000daf00000, 0x0000000100000000)
  eden space 32768K, 0% used [0x00000000d5c00000,0x00000000d5c00000,0x00000000d7c00000)
  from space 9728K, 60% used [0x00000000d8580000,0x00000000d8b35300,0x00000000d8f00000)
  to   space 9728K, 0% used [0x00000000d7c00000,0x00000000d7c00000,0x00000000d8580000)
 ParOldGen       total 87552K, used 10576K [0x0000000081400000, 0x0000000086980000, 0x00000000d5c00000)
  object space 87552K, 12% used [0x0000000081400000,0x0000000081e540f0,0x0000000086980000)
 Metaspace       used 20478K, capacity 21176K, committed 21296K, reserved 1069056K
  class space    used 2417K, capacity 2677K, committed 2688K, reserved 1048576K
Event: 7.054 GC heap after
Heap after GC invocations=7 (full 1):
 PSYoungGen      total 42496K, used 0K [0x00000000d5c00000, 0x00000000daf00000, 0x0000000100000000)
  eden space 32768K, 0% used [0x00000000d5c00000,0x00000000d5c00000,0x00000000d7c00000)
  from space 9728K, 0% used [0x00000000d8580000,0x00000000d8580000,0x00000000d8f00000)
  to   space 9728K, 0% used [0x00000000d7c00000,0x00000000d7c00000,0x00000000d8580000)
 ParOldGen       total 60416K, used 9387K [0x0000000081400000, 0x0000000084f00000, 0x00000000d5c00000)
  object space 60416K, 15% used [0x0000000081400000,0x0000000081d2ad98,0x0000000084f00000)
 Metaspace       used 20478K, capacity 21176K, committed 21296K, reserved 1069056K
  class space    used 2417K, capacity 2677K, committed 2688K, reserved 1048576K
}

