# JRE version: Java(TM) SE Runtime Environment (8.0_51-b16) (build 1.8.0_51-b16)
# Java VM: Java HotSpot(TM) 64-Bit Server VM (25.51-b03 mixed mode windows-amd64 compressed oops)
Heap:
 PSYoungGen      total 43008K, used 25576K [0x00000000d5c00000, 0x00000000d9d80000, 0x0000000100000000)
  eden space 33280K, 54% used [0x00000000d5c00000,0x00000000d6dd5748,0x00000000d7c80000)
  from space 9728K, 75% used [0x00000000d8580000,0x00000000d8ca4b88,0x00000000d8f00000)
  to   space 9216K, 0% used [0x00000000d7c80000,0x00000000d7c80000,0x00000000d8580000)
 ParOldGen       total 65024K, used 10073K [0x0000000081400000, 0x0000000085380000, 0x00000000d5c00000)
  object space 65024K, 15% used [0x0000000081400000,0x0000000081dd6518,0x0000000085380000)
 Metaspace       used 27608K, capacity 28314K, committed 28672K, reserved 1075200K
  class space    used 3257K, capacity 3517K, committed 3584K, reserved 1048576K
GC Heap History (10 events):
Event: 6.514 GC heap before
{Heap before GC invocations=3 (full 0):
 PSYoungGen      total 38400K, used 38368K [0x00000000d5c00000, 0x00000000d8680000, 0x0000000100000000)
  eden space 33280K, 100% used [0x00000000d5c00000,0x00000000d7c80000,0x00000000d7c80000)
  from space 5120K, 99% used [0x00000000d8180000,0x00000000d86782e8,0x00000000d8680000)
  to   space 5120K, 0% used [0x00000000d7c80000,0x00000000d7c80000,0x00000000d8180000)
 ParOldGen       total 87552K, used 2795K [0x0000000081400000, 0x0000000086980000, 0x00000000d5c00000)
  object space 87552K, 3% used [0x0000000081400000,0x00000000816bafb8,0x0000000086980000)
 Metaspace       used 15125K, capacity 15416K, committed 15616K, reserved 1062912K
  class space    used 1845K, capacity 1945K, committed 2048K, reserved 1048576K
Event: 6.523 GC heap after
Heap after GC invocations=3 (full 0):
 PSYoungGen      total 38400K, used 5120K [0x00000000d5c00000, 0x00000000d8680000, 0x0000000100000000)
  eden space 33280K, 0% used [0x00000000d5c00000,0x00000000d5c00000,0x00000000d7c80000)
  from space 5120K, 100% used [0x00000000d7c80000,0x00000000d8180000,0x00000000d8180000)
  to   space 5120K, 0% used [0x00000000d8180000,0x00000000d8180000,0x00000000d8680000)
 ParOldGen       total 87552K, used 4631K [0x0000000081400000, 0x0000000086980000, 0x00000000d5c00000)
  object space 87552K, 5% used [0x0000000081400000,0x0000000081885c78,0x0000000086980000)
 Metaspace       used 15125K, capacity 15416K, committed 15616K, reserved 1062912K
  class space    used 1845K, capacity 1945K, committed 2048K, reserved 1048576K
}
Event: 9.239 GC heap before
{Heap before GC invocations=4 (full 0):
 PSYoungGen      total 38400K, used 38400K [0x00000000d5c00000, 0x00000000d8680000, 0x0000000100000000)
  eden space 33280K, 100% used [0x00000000d5c00000,0x00000000d7c80000,0x00000000d7c80000)
  from space 5120K, 100% used [0x00000000d7c80000,0x00000000d8180000,0x00000000d8180000)
  to   space 5120K, 0% used [0x00000000d8180000,0x00000000d8180000,0x00000000d8680000)
 ParOldGen       total 87552K, used 4631K [0x0000000081400000, 0x0000000086980000, 0x00000000d5c00000)
  object space 87552K, 5% used [0x0000000081400000,0x0000000081885c78,0x0000000086980000)
 Metaspace       used 16212K, capacity 16618K, committed 16768K, reserved 1064960K
  class space    used 1946K, capacity 2091K, committed 2176K, reserved 1048576K
Event: 9.249 GC heap after
Heap after GC invocations=4 (full 0):
 PSYoungGen      total 38400K, used 5088K [0x00000000d5c00000, 0x00000000d8680000, 0x0000000100000000)
  eden space 33280K, 0% used [0x00000000d5c00000,0x00000000d5c00000,0x00000000d7c80000)
  from space 5120K, 99% used [0x00000000d8180000,0x00000000d8678020,0x00000000d8680000)
  to   space 5120K, 0% used [0x00000000d7c80000,0x00000000d7c80000,0x00000000d8180000)
 ParOldGen       total 87552K, used 7674K [0x0000000081400000, 0x0000000086980000, 0x00000000d5c00000)
  object space 87552K, 8% used [0x0000000081400000,0x0000000081b7eac8,0x0000000086980000)
 Metaspace       used 16212K, capacity 16618K, committed 16768K, reserved 1064960K
  class space    used 1946K, capacity 2091K, committed 2176K, reserved 1048576K
}
Event: 10.836 GC heap before
{Heap before GC invocations=5 (full 0):
 PSYoungGen      total 38400K, used 33978K [0x00000000d5c00000, 0x00000000d8680000, 0x0000000100000000)
  eden space 33280K, 86% used [0x00000000d5c00000,0x00000000d78368f0,0x00000000d7c80000)
  from space 5120K, 99% used [0x00000000d8180000,0x00000000d8678020,0x00000000d8680000)
  to   space 5120K, 0% used [0x00000000d7c80000,0x00000000d7c80000,0x00000000d8180000)
 ParOldGen       total 87552K, used 7674K [0x0000000081400000, 0x0000000086980000, 0x00000000d5c00000)
  object space 87552K, 8% used [0x0000000081400000,0x0000000081b7eac8,0x0000000086980000)
 Metaspace       used 20607K, capacity 21150K, committed 21248K, reserved 1067008K
  class space    used 2541K, capacity 2726K, committed 2816K, reserved 1048576K
Event: 10.855 GC heap after
Heap after GC invocations=5 (full 0):
 PSYoungGen      total 37888K, used 5104K [0x00000000d5c00000, 0x00000000d8f00000, 0x0000000100000000)
  eden space 32768K, 0% used [0x00000000d5c00000,0x00000000d5c00000,0x00000000d7c00000)
  from space 5120K, 99% used [0x00000000d7c80000,0x00000000d817c010,0x00000000d8180000)
  to   space 9728K, 0% used [0x00000000d8580000,0x00000000d8580000,0x00000000d8f00000)
 ParOldGen       total 87552K, used 10610K [0x0000000081400000, 0x0000000086980000, 0x00000000d5c00000)
  object space 87552K, 12% used [0x0000000081400000,0x0000000081e5ca00,0x0000000086980000)
 Metaspace       used 20607K, capacity 21150K, committed 21248K, reserved 1067008K
  class space    used 2541K, capacity 2726K, committed 2816K, reserved 1048576K
}
Event: 10.856 GC heap before
{Heap before GC invocations=6 (full 1):
 PSYoungGen      total 37888K, used 5104K [0x00000000d5c00000, 0x00000000d8f00000, 0x0000000100000000)
  eden space 32768K, 0% used [0x00000000d5c00000,0x00000000d5c00000,0x00000000d7c00000)
  from space 5120K, 99% used [0x00000000d7c80000,0x00000000d817c010,0x00000000d8180000)
  to   space 9728K, 0% used [0x00000000d8580000,0x00000000d8580000,0x00000000d8f00000)
 ParOldGen       total 87552K, used 10610K [0x0000000081400000, 0x0000000086980000, 0x00000000d5c00000)
  object space 87552K, 12% used [0x0000000081400000,0x0000000081e5ca00,0x0000000086980000)
 Metaspace       used 20607K, capacity 21150K, committed 21248K, reserved 1067008K
  class space    used 2541K, capacity 2726K, committed 2816K, reserved 1048576K
Event: 10.929 GC heap after
Heap after GC invocations=6 (full 1):
 PSYoungGen      total 37888K, used 0K [0x00000000d5c00000, 0x00000000d8f00000, 0x0000000100000000)
  eden space 32768K, 0% used [0x00000000d5c00000,0x00000000d5c00000,0x00000000d7c00000)
  from space 5120K, 0% used [0x00000000d7c80000,0x00000000d7c80000,0x00000000d8180000)
  to   space 9728K, 0% used [0x00000000d8580000,0x00000000d8580000,0x00000000d8f00000)
 ParOldGen       total 65024K, used 10065K [0x0000000081400000, 0x0000000085380000, 0x00000000d5c00000)
  object space 65024K, 15% used [0x0000000081400000,0x0000000081dd4518,0x0000000085380000)
 Metaspace       used 20607K, capacity 21150K, committed 21248K, reserved 1067008K
  class space    used 2541K, capacity 2726K, committed 2816K, reserved 1048576K
}
Event: 12.712 GC heap before
{Heap before GC invocations=7 (full 1):
 PSYoungGen      total 37888K, used 32768K [0x00000000d5c00000, 0x00000000d8f00000, 0x0000000100000000)
  eden space 32768K, 100% used [0x00000000d5c00000,0x00000000d7c00000,0x00000000d7c00000)
  from space 5120K, 0% used [0x00000000d7c80000,0x00000000d7c80000,0x00000000d8180000)
  to   space 9728K, 0% used [0x00000000d8580000,0x00000000d8580000,0x00000000d8f00000)
 ParOldGen       total 65024K, used 10065K [0x0000000081400000, 0x0000000085380000, 0x00000000d5c00000)
  object space 65024K, 15% used [0x0000000081400000,0x0000000081dd4518,0x0000000085380000)
 Metaspace       used 24751K, capacity 25462K, committed 25600K, reserved 1071104K
  class space    used 3000K, capacity 3254K, committed 3328K, reserved 1048576K
Event: 12.723 GC heap after
Heap after GC invocations=7 (full 1):
 PSYoungGen      total 43008K, used 7314K [0x00000000d5c00000, 0x00000000d9d80000, 0x0000000100000000)
  eden space 33280K, 0% used [0x00000000d5c00000,0x00000000d5c00000,0x00000000d7c80000)
  from space 9728K, 75% used [0x00000000d8580000,0x00000000d8ca4b88,0x00000000d8f00000)
  to   space 9216K, 0% used [0x00000000d7c80000,0x00000000d7c80000,0x00000000d8580000)
 ParOldGen       total 65024K, used 10073K [0x0000000081400000, 0x0000000085380000, 0x00000000d5c00000)
  object space 65024K, 15% used [0x0000000081400000,0x0000000081dd6518,0x0000000085380000)
 Metaspace       used 24751K, capacity 25462K, committed 25600K, reserved 1071104K
  class space    used 3000K, capacity 3254K, committed 3328K, reserved 1048576K
}

