# JRE version: Java(TM) SE Runtime Environment (8.0_51-b16) (build 1.8.0_51-b16)
# Java VM: Java HotSpot(TM) 64-Bit Server VM (25.51-b03 mixed mode windows-amd64 compressed oops)
Heap:
 PSYoungGen      total 50688K, used 23924K [0x00000000d5c00000, 0x00000000dad80000, 0x0000000100000000)
  eden space 43008K, 38% used [0x00000000d5c00000,0x00000000d6c32548,0x00000000d8600000)
  from space 7680K, 95% used [0x00000000da600000,0x00000000dad2ad78,0x00000000dad80000)
  to   space 9216K, 0% used [0x00000000d9b80000,0x00000000d9b80000,0x00000000da480000)
 ParOldGen       total 71680K, used 10070K [0x0000000081400000, 0x0000000085a00000, 0x00000000d5c00000)
  object space 71680K, 14% used [0x0000000081400000,0x0000000081dd5be0,0x0000000085a00000)
 Metaspace       used 27971K, capacity 28704K, committed 28928K, reserved 1075200K
  class space    used 3312K, capacity 3582K, committed 3584K, reserved 1048576K
GC Heap History (10 events):
Event: 3.236 GC heap before
{Heap before GC invocations=3 (full 0):
 PSYoungGen      total 38400K, used 38369K [0x00000000d5c00000, 0x00000000d8680000, 0x0000000100000000)
  eden space 33280K, 100% used [0x00000000d5c00000,0x00000000d7c80000,0x00000000d7c80000)
  from space 5120K, 99% used [0x00000000d8180000,0x00000000d86785e8,0x00000000d8680000)
  to   space 5120K, 0% used [0x00000000d7c80000,0x00000000d7c80000,0x00000000d8180000)
 ParOldGen       total 87552K, used 2866K [0x0000000081400000, 0x0000000086980000, 0x00000000d5c00000)
  object space 87552K, 3% used [0x0000000081400000,0x00000000816cca10,0x0000000086980000)
 Metaspace       used 15151K, capacity 15416K, committed 15616K, reserved 1062912K
  class space    used 1844K, capacity 1945K, committed 2048K, reserved 1048576K
Event: 3.250 GC heap after
Heap after GC invocations=3 (full 0):
 PSYoungGen      total 38400K, used 5088K [0x00000000d5c00000, 0x00000000d8680000, 0x0000000100000000)
  eden space 33280K, 0% used [0x00000000d5c00000,0x00000000d5c00000,0x00000000d7c80000)
  from space 5120K, 99% used [0x00000000d7c80000,0x00000000d8178020,0x00000000d8180000)
  to   space 5120K, 0% used [0x00000000d8180000,0x00000000d8180000,0x00000000d8680000)
 ParOldGen       total 87552K, used 4753K [0x0000000081400000, 0x0000000086980000, 0x00000000d5c00000)
  object space 87552K, 5% used [0x0000000081400000,0x00000000818a44d8,0x0000000086980000)
 Metaspace       used 15151K, capacity 15416K, committed 15616K, reserved 1062912K
  class space    used 1844K, capacity 1945K, committed 2048K, reserved 1048576K
}
Event: 4.427 GC heap before
{Heap before GC invocations=4 (full 0):
 PSYoungGen      total 38400K, used 38368K [0x00000000d5c00000, 0x00000000d8680000, 0x0000000100000000)
  eden space 33280K, 100% used [0x00000000d5c00000,0x00000000d7c80000,0x00000000d7c80000)
  from space 5120K, 99% used [0x00000000d7c80000,0x00000000d8178020,0x00000000d8180000)
  to   space 5120K, 0% used [0x00000000d8180000,0x00000000d8180000,0x00000000d8680000)
 ParOldGen       total 87552K, used 4753K [0x0000000081400000, 0x0000000086980000, 0x00000000d5c00000)
  object space 87552K, 5% used [0x0000000081400000,0x00000000818a44d8,0x0000000086980000)
 Metaspace       used 16229K, capacity 16618K, committed 16768K, reserved 1064960K
  class space    used 1946K, capacity 2091K, committed 2176K, reserved 1048576K
Event: 4.438 GC heap after
Heap after GC invocations=4 (full 0):
 PSYoungGen      total 38400K, used 5088K [0x00000000d5c00000, 0x00000000d8680000, 0x0000000100000000)
  eden space 33280K, 0% used [0x00000000d5c00000,0x00000000d5c00000,0x00000000d7c80000)
  from space 5120K, 99% used [0x00000000d8180000,0x00000000d8678020,0x00000000d8680000)
  to   space 5120K, 0% used [0x00000000d7c80000,0x00000000d7c80000,0x00000000d8180000)
 ParOldGen       total 87552K, used 7653K [0x0000000081400000, 0x0000000086980000, 0x00000000d5c00000)
  object space 87552K, 8% used [0x0000000081400000,0x0000000081b79730,0x0000000086980000)
 Metaspace       used 16229K, capacity 16618K, committed 16768K, reserved 1064960K
  class space    used 1946K, capacity 2091K, committed 2176K, reserved 1048576K
}
Event: 5.502 GC heap before
{Heap before GC invocations=5 (full 0):
 PSYoungGen      total 38400K, used 36492K [0x00000000d5c00000, 0x00000000d8680000, 0x0000000100000000)
  eden space 33280K, 94% used [0x00000000d5c00000,0x00000000d7aab2c8,0x00000000d7c80000)
  from space 5120K, 99% used [0x00000000d8180000,0x00000000d8678020,0x00000000d8680000)
  to   space 5120K, 0% used [0x00000000d7c80000,0x00000000d7c80000,0x00000000d8180000)
 ParOldGen       total 87552K, used 7653K [0x0000000081400000, 0x0000000086980000, 0x00000000d5c00000)
  object space 87552K, 8% used [0x0000000081400000,0x0000000081b79730,0x0000000086980000)
 Metaspace       used 20573K, capacity 21092K, committed 21248K, reserved 1067008K
  class space    used 2536K, capacity 2727K, committed 2816K, reserved 1048576K
Event: 5.525 GC heap after
Heap after GC invocations=5 (full 0):
 PSYoungGen      total 38400K, used 5120K [0x00000000d5c00000, 0x00000000daf00000, 0x0000000100000000)
  eden space 33280K, 0% used [0x00000000d5c00000,0x00000000d5c00000,0x00000000d7c80000)
  from space 5120K, 100% used [0x00000000d7c80000,0x00000000d8180000,0x00000000d8180000)
  to   space 9216K, 0% used [0x00000000da600000,0x00000000da600000,0x00000000daf00000)
 ParOldGen       total 87552K, used 10393K [0x0000000081400000, 0x0000000086980000, 0x00000000d5c00000)
  object space 87552K, 11% used [0x0000000081400000,0x0000000081e26768,0x0000000086980000)
 Metaspace       used 20573K, capacity 21092K, committed 21248K, reserved 1067008K
  class space    used 2536K, capacity 2727K, committed 2816K, reserved 1048576K
}
Event: 5.525 GC heap before
{Heap before GC invocations=6 (full 1):
 PSYoungGen      total 38400K, used 5120K [0x00000000d5c00000, 0x00000000daf00000, 0x0000000100000000)
  eden space 33280K, 0% used [0x00000000d5c00000,0x00000000d5c00000,0x00000000d7c80000)
  from space 5120K, 100% used [0x00000000d7c80000,0x00000000d8180000,0x00000000d8180000)
  to   space 9216K, 0% used [0x00000000da600000,0x00000000da600000,0x00000000daf00000)
 ParOldGen       total 87552K, used 10393K [0x0000000081400000, 0x0000000086980000, 0x00000000d5c00000)
  object space 87552K, 11% used [0x0000000081400000,0x0000000081e26768,0x0000000086980000)
 Metaspace       used 20573K, capacity 21092K, committed 21248K, reserved 1067008K
  class space    used 2536K, capacity 2727K, committed 2816K, reserved 1048576K
Event: 5.691 GC heap after
Heap after GC invocations=6 (full 1):
 PSYoungGen      total 38400K, used 0K [0x00000000d5c00000, 0x00000000daf00000, 0x0000000100000000)
  eden space 33280K, 0% used [0x00000000d5c00000,0x00000000d5c00000,0x00000000d7c80000)
  from space 5120K, 0% used [0x00000000d7c80000,0x00000000d7c80000,0x00000000d8180000)
  to   space 9216K, 0% used [0x00000000da600000,0x00000000da600000,0x00000000daf00000)
 ParOldGen       total 71680K, used 10062K [0x0000000081400000, 0x0000000085a00000, 0x00000000d5c00000)
  object space 71680K, 14% used [0x0000000081400000,0x0000000081dd3be0,0x0000000085a00000)
 Metaspace       used 20573K, capacity 21092K, committed 21248K, reserved 1067008K
  class space    used 2536K, capacity 2727K, committed 2816K, reserved 1048576K
}
Event: 7.113 GC heap before
{Heap before GC invocations=7 (full 1):
 PSYoungGen      total 38400K, used 33280K [0x00000000d5c00000, 0x00000000daf00000, 0x0000000100000000)
  eden space 33280K, 100% used [0x00000000d5c00000,0x00000000d7c80000,0x00000000d7c80000)
  from space 5120K, 0% used [0x00000000d7c80000,0x00000000d7c80000,0x00000000d8180000)
  to   space 9216K, 0% used [0x00000000da600000,0x00000000da600000,0x00000000daf00000)
 ParOldGen       total 71680K, used 10062K [0x0000000081400000, 0x0000000085a00000, 0x00000000d5c00000)
  object space 71680K, 14% used [0x0000000081400000,0x0000000081dd3be0,0x0000000085a00000)
 Metaspace       used 24926K, capacity 25632K, committed 25856K, reserved 1071104K
  class space    used 3026K, capacity 3289K, committed 3328K, reserved 1048576K
Event: 7.129 GC heap after
Heap after GC invocations=7 (full 1):
 PSYoungGen      total 50688K, used 7339K [0x00000000d5c00000, 0x00000000dad80000, 0x0000000100000000)
  eden space 43008K, 0% used [0x00000000d5c00000,0x00000000d5c00000,0x00000000d8600000)
  from space 7680K, 95% used [0x00000000da600000,0x00000000dad2ad78,0x00000000dad80000)
  to   space 9216K, 0% used [0x00000000d9b80000,0x00000000d9b80000,0x00000000da480000)
 ParOldGen       total 71680K, used 10070K [0x0000000081400000, 0x0000000085a00000, 0x00000000d5c00000)
  object space 71680K, 14% used [0x0000000081400000,0x0000000081dd5be0,0x0000000085a00000)
 Metaspace       used 24926K, capacity 25632K, committed 25856K, reserved 1071104K
  class space    used 3026K, capacity 3289K, committed 3328K, reserved 1048576K
}

