# JRE version: Java(TM) SE Runtime Environment (8.0_51-b16) (build 1.8.0_51-b16)
# Java VM: Java HotSpot(TM) 64-Bit Server VM (25.51-b03 mixed mode windows-amd64 compressed oops)
Heap:
 PSYoungGen      total 41984K, used 16233K [0x00000000d5c00000, 0x00000000dae00000, 0x0000000100000000)
  eden space 32768K, 49% used [0x00000000d5c00000,0x00000000d6bda7f0,0x00000000d7c00000)
  from space 9216K, 0% used [0x00000000d8500000,0x00000000d8500000,0x00000000d8e00000)
  to   space 9216K, 0% used [0x00000000d7c00000,0x00000000d7c00000,0x00000000d8500000)
 ParOldGen       total 61952K, used 9502K [0x0000000081400000, 0x0000000085080000, 0x00000000d5c00000)
  object space 61952K, 15% used [0x0000000081400000,0x0000000081d478e8,0x0000000085080000)
 Metaspace       used 23327K, capacity 24078K, committed 24192K, reserved 1071104K
  class space    used 2685K, capacity 2933K, committed 2944K, reserved 1048576K
GC Heap History (10 events):
Event: 5.529 GC heap before
{Heap before GC invocations=3 (full 0):
 PSYoungGen      total 38400K, used 38380K [0x00000000d5c00000, 0x00000000d8680000, 0x0000000100000000)
  eden space 33280K, 100% used [0x00000000d5c00000,0x00000000d7c80000,0x00000000d7c80000)
  from space 5120K, 99% used [0x00000000d8180000,0x00000000d867b258,0x00000000d8680000)
  to   space 5120K, 0% used [0x00000000d7c80000,0x00000000d7c80000,0x00000000d8180000)
 ParOldGen       total 87552K, used 2903K [0x0000000081400000, 0x0000000086980000, 0x00000000d5c00000)
  object space 87552K, 3% used [0x0000000081400000,0x00000000816d5e70,0x0000000086980000)
 Metaspace       used 15128K, capacity 15416K, committed 15616K, reserved 1062912K
  class space    used 1844K, capacity 1945K, committed 2048K, reserved 1048576K
Event: 5.540 GC heap after
Heap after GC invocations=3 (full 0):
 PSYoungGen      total 38400K, used 5088K [0x00000000d5c00000, 0x00000000d8680000, 0x0000000100000000)
  eden space 33280K, 0% used [0x00000000d5c00000,0x00000000d5c00000,0x00000000d7c80000)
  from space 5120K, 99% used [0x00000000d7c80000,0x00000000d8178020,0x00000000d8180000)
  to   space 5120K, 0% used [0x00000000d8180000,0x00000000d8180000,0x00000000d8680000)
 ParOldGen       total 87552K, used 4777K [0x0000000081400000, 0x0000000086980000, 0x00000000d5c00000)
  object space 87552K, 5% used [0x0000000081400000,0x00000000818aa700,0x0000000086980000)
 Metaspace       used 15128K, capacity 15416K, committed 15616K, reserved 1062912K
  class space    used 1844K, capacity 1945K, committed 2048K, reserved 1048576K
}
Event: 7.301 GC heap before
{Heap before GC invocations=4 (full 0):
 PSYoungGen      total 38400K, used 38368K [0x00000000d5c00000, 0x00000000d8680000, 0x0000000100000000)
  eden space 33280K, 100% used [0x00000000d5c00000,0x00000000d7c80000,0x00000000d7c80000)
  from space 5120K, 99% used [0x00000000d7c80000,0x00000000d8178020,0x00000000d8180000)
  to   space 5120K, 0% used [0x00000000d8180000,0x00000000d8180000,0x00000000d8680000)
 ParOldGen       total 87552K, used 4777K [0x0000000081400000, 0x0000000086980000, 0x00000000d5c00000)
  object space 87552K, 5% used [0x0000000081400000,0x00000000818aa700,0x0000000086980000)
 Metaspace       used 16228K, capacity 16618K, committed 16768K, reserved 1064960K
  class space    used 1947K, capacity 2091K, committed 2176K, reserved 1048576K
Event: 7.312 GC heap after
Heap after GC invocations=4 (full 0):
 PSYoungGen      total 38400K, used 5088K [0x00000000d5c00000, 0x00000000d8680000, 0x0000000100000000)
  eden space 33280K, 0% used [0x00000000d5c00000,0x00000000d5c00000,0x00000000d7c80000)
  from space 5120K, 99% used [0x00000000d8180000,0x00000000d8678020,0x00000000d8680000)
  to   space 5120K, 0% used [0x00000000d7c80000,0x00000000d7c80000,0x00000000d8180000)
 ParOldGen       total 87552K, used 7647K [0x0000000081400000, 0x0000000086980000, 0x00000000d5c00000)
  object space 87552K, 8% used [0x0000000081400000,0x0000000081b77d90,0x0000000086980000)
 Metaspace       used 16228K, capacity 16618K, committed 16768K, reserved 1064960K
  class space    used 1947K, capacity 2091K, committed 2176K, reserved 1048576K
}
Event: 9.420 GC heap before
{Heap before GC invocations=5 (full 0):
 PSYoungGen      total 38400K, used 38368K [0x00000000d5c00000, 0x00000000d8680000, 0x0000000100000000)
  eden space 33280K, 100% used [0x00000000d5c00000,0x00000000d7c80000,0x00000000d7c80000)
  from space 5120K, 99% used [0x00000000d8180000,0x00000000d8678020,0x00000000d8680000)
  to   space 5120K, 0% used [0x00000000d7c80000,0x00000000d7c80000,0x00000000d8180000)
 ParOldGen       total 87552K, used 7647K [0x0000000081400000, 0x0000000086980000, 0x00000000d5c00000)
  object space 87552K, 8% used [0x0000000081400000,0x0000000081b77d90,0x0000000086980000)
 Metaspace       used 17651K, capacity 18238K, committed 18560K, reserved 1064960K
  class space    used 2112K, capacity 2310K, committed 2432K, reserved 1048576K
Event: 9.465 GC heap after
Heap after GC invocations=5 (full 0):
 PSYoungGen      total 37888K, used 5088K [0x00000000d5c00000, 0x00000000d8e00000, 0x0000000100000000)
  eden space 32768K, 0% used [0x00000000d5c00000,0x00000000d5c00000,0x00000000d7c00000)
  from space 5120K, 99% used [0x00000000d7c80000,0x00000000d8178020,0x00000000d8180000)
  to   space 9216K, 0% used [0x00000000d8500000,0x00000000d8500000,0x00000000d8e00000)
 ParOldGen       total 87552K, used 10465K [0x0000000081400000, 0x0000000086980000, 0x00000000d5c00000)
  object space 87552K, 11% used [0x0000000081400000,0x0000000081e38510,0x0000000086980000)
 Metaspace       used 17651K, capacity 18238K, committed 18560K, reserved 1064960K
  class space    used 2112K, capacity 2310K, committed 2432K, reserved 1048576K
}
Event: 10.375 GC heap before
{Heap before GC invocations=6 (full 0):
 PSYoungGen      total 37888K, used 10388K [0x00000000d5c00000, 0x00000000d8e00000, 0x0000000100000000)
  eden space 32768K, 16% used [0x00000000d5c00000,0x00000000d612d1d8,0x00000000d7c00000)
  from space 5120K, 99% used [0x00000000d7c80000,0x00000000d8178020,0x00000000d8180000)
  to   space 9216K, 0% used [0x00000000d8500000,0x00000000d8500000,0x00000000d8e00000)
 ParOldGen       total 87552K, used 10465K [0x0000000081400000, 0x0000000086980000, 0x00000000d5c00000)
  object space 87552K, 11% used [0x0000000081400000,0x0000000081e38510,0x0000000086980000)
 Metaspace       used 20400K, capacity 21176K, committed 21296K, reserved 1069056K
  class space    used 2412K, capacity 2677K, committed 2688K, reserved 1048576K
Event: 10.392 GC heap after
Heap after GC invocations=6 (full 0):
 PSYoungGen      total 41984K, used 6050K [0x00000000d5c00000, 0x00000000dae00000, 0x0000000100000000)
  eden space 32768K, 0% used [0x00000000d5c00000,0x00000000d5c00000,0x00000000d7c00000)
  from space 9216K, 65% used [0x00000000d8500000,0x00000000d8ae8900,0x00000000d8e00000)
  to   space 9216K, 0% used [0x00000000d7c00000,0x00000000d7c00000,0x00000000d8500000)
 ParOldGen       total 87552K, used 10473K [0x0000000081400000, 0x0000000086980000, 0x00000000d5c00000)
  object space 87552K, 11% used [0x0000000081400000,0x0000000081e3a510,0x0000000086980000)
 Metaspace       used 20400K, capacity 21176K, committed 21296K, reserved 1069056K
  class space    used 2412K, capacity 2677K, committed 2688K, reserved 1048576K
}
Event: 10.392 GC heap before
{Heap before GC invocations=7 (full 1):
 PSYoungGen      total 41984K, used 6050K [0x00000000d5c00000, 0x00000000dae00000, 0x0000000100000000)
  eden space 32768K, 0% used [0x00000000d5c00000,0x00000000d5c00000,0x00000000d7c00000)
  from space 9216K, 65% used [0x00000000d8500000,0x00000000d8ae8900,0x00000000d8e00000)
  to   space 9216K, 0% used [0x00000000d7c00000,0x00000000d7c00000,0x00000000d8500000)
 ParOldGen       total 87552K, used 10473K [0x0000000081400000, 0x0000000086980000, 0x00000000d5c00000)
  object space 87552K, 11% used [0x0000000081400000,0x0000000081e3a510,0x0000000086980000)
 Metaspace       used 20400K, capacity 21176K, committed 21296K, reserved 1069056K
  class space    used 2412K, capacity 2677K, committed 2688K, reserved 1048576K
Event: 10.487 GC heap after
Heap after GC invocations=7 (full 1):
 PSYoungGen      total 41984K, used 0K [0x00000000d5c00000, 0x00000000dae00000, 0x0000000100000000)
  eden space 32768K, 0% used [0x00000000d5c00000,0x00000000d5c00000,0x00000000d7c00000)
  from space 9216K, 0% used [0x00000000d8500000,0x00000000d8500000,0x00000000d8e00000)
  to   space 9216K, 0% used [0x00000000d7c00000,0x00000000d7c00000,0x00000000d8500000)
 ParOldGen       total 61952K, used 9502K [0x0000000081400000, 0x0000000085080000, 0x00000000d5c00000)
  object space 61952K, 15% used [0x0000000081400000,0x0000000081d478e8,0x0000000085080000)
 Metaspace       used 20400K, capacity 21176K, committed 21296K, reserved 1069056K
  class space    used 2412K, capacity 2677K, committed 2688K, reserved 1048576K
}

