# JRE version: Java(TM) SE Runtime Environment (8.0_51-b16) (build 1.8.0_51-b16)
# Java VM: Java HotSpot(TM) 64-Bit Server VM (25.51-b03 mixed mode windows-amd64 compressed oops)
Heap:
 PSYoungGen      total 49152K, used 23563K [0x00000000d5c00000, 0x00000000dae00000, 0x0000000100000000)
  eden space 41472K, 39% used [0x00000000d5c00000,0x00000000d6bd86a8,0x00000000d8480000)
  from space 7680K, 95% used [0x00000000da680000,0x00000000dadaa908,0x00000000dae00000)
  to   space 9216K, 0% used [0x00000000d9c00000,0x00000000d9c00000,0x00000000da500000)
 ParOldGen       total 72704K, used 10074K [0x0000000081400000, 0x0000000085b00000, 0x00000000d5c00000)
  object space 72704K, 13% used [0x0000000081400000,0x0000000081dd6a68,0x0000000085b00000)
 Metaspace       used 27581K, capacity 28250K, committed 28416K, reserved 1075200K
  class space    used 3256K, capacity 3517K, committed 3584K, reserved 1048576K
GC Heap History (10 events):
Event: 2.042 GC heap before
{Heap before GC invocations=3 (full 0):
 PSYoungGen      total 38400K, used 38384K [0x00000000d5c00000, 0x00000000d8680000, 0x0000000100000000)
  eden space 33280K, 100% used [0x00000000d5c00000,0x00000000d7c80000,0x00000000d7c80000)
  from space 5120K, 99% used [0x00000000d8180000,0x00000000d867c2f8,0x00000000d8680000)
  to   space 5120K, 0% used [0x00000000d7c80000,0x00000000d7c80000,0x00000000d8180000)
 ParOldGen       total 87552K, used 2755K [0x0000000081400000, 0x0000000086980000, 0x00000000d5c00000)
  object space 87552K, 3% used [0x0000000081400000,0x00000000816b0e40,0x0000000086980000)
 Metaspace       used 15130K, capacity 15416K, committed 15616K, reserved 1062912K
  class space    used 1845K, capacity 1945K, committed 2048K, reserved 1048576K
Event: 2.051 GC heap after
Heap after GC invocations=3 (full 0):
 PSYoungGen      total 38400K, used 5088K [0x00000000d5c00000, 0x00000000d8680000, 0x0000000100000000)
  eden space 33280K, 0% used [0x00000000d5c00000,0x00000000d5c00000,0x00000000d7c80000)
  from space 5120K, 99% used [0x00000000d7c80000,0x00000000d8178020,0x00000000d8180000)
  to   space 5120K, 0% used [0x00000000d8180000,0x00000000d8180000,0x00000000d8680000)
 ParOldGen       total 87552K, used 4610K [0x0000000081400000, 0x0000000086980000, 0x00000000d5c00000)
  object space 87552K, 5% used [0x0000000081400000,0x0000000081880a10,0x0000000086980000)
 Metaspace       used 15130K, capacity 15416K, committed 15616K, reserved 1062912K
  class space    used 1845K, capacity 1945K, committed 2048K, reserved 1048576K
}
Event: 2.674 GC heap before
{Heap before GC invocations=4 (full 0):
 PSYoungGen      total 38400K, used 38368K [0x00000000d5c00000, 0x00000000d8680000, 0x0000000100000000)
  eden space 33280K, 100% used [0x00000000d5c00000,0x00000000d7c80000,0x00000000d7c80000)
  from space 5120K, 99% used [0x00000000d7c80000,0x00000000d8178020,0x00000000d8180000)
  to   space 5120K, 0% used [0x00000000d8180000,0x00000000d8180000,0x00000000d8680000)
 ParOldGen       total 87552K, used 4610K [0x0000000081400000, 0x0000000086980000, 0x00000000d5c00000)
  object space 87552K, 5% used [0x0000000081400000,0x0000000081880a10,0x0000000086980000)
 Metaspace       used 16220K, capacity 16618K, committed 16768K, reserved 1064960K
  class space    used 1945K, capacity 2091K, committed 2176K, reserved 1048576K
Event: 2.687 GC heap after
Heap after GC invocations=4 (full 0):
 PSYoungGen      total 38400K, used 5088K [0x00000000d5c00000, 0x00000000da700000, 0x0000000100000000)
  eden space 33280K, 0% used [0x00000000d5c00000,0x00000000d5c00000,0x00000000d7c80000)
  from space 5120K, 99% used [0x00000000d8180000,0x00000000d8678040,0x00000000d8680000)
  to   space 5120K, 0% used [0x00000000d7c80000,0x00000000d7c80000,0x00000000d8180000)
 ParOldGen       total 87552K, used 7511K [0x0000000081400000, 0x0000000086980000, 0x00000000d5c00000)
  object space 87552K, 8% used [0x0000000081400000,0x0000000081b55f08,0x0000000086980000)
 Metaspace       used 16220K, capacity 16618K, committed 16768K, reserved 1064960K
  class space    used 1945K, capacity 2091K, committed 2176K, reserved 1048576K
}
Event: 3.406 GC heap before
{Heap before GC invocations=5 (full 0):
 PSYoungGen      total 38400K, used 34461K [0x00000000d5c00000, 0x00000000da700000, 0x0000000100000000)
  eden space 33280K, 88% used [0x00000000d5c00000,0x00000000d78af5e0,0x00000000d7c80000)
  from space 5120K, 99% used [0x00000000d8180000,0x00000000d8678040,0x00000000d8680000)
  to   space 5120K, 0% used [0x00000000d7c80000,0x00000000d7c80000,0x00000000d8180000)
 ParOldGen       total 87552K, used 7511K [0x0000000081400000, 0x0000000086980000, 0x00000000d5c00000)
  object space 87552K, 8% used [0x0000000081400000,0x0000000081b55f08,0x0000000086980000)
 Metaspace       used 20639K, capacity 21150K, committed 21248K, reserved 1067008K
  class space    used 2541K, capacity 2726K, committed 2816K, reserved 1048576K
Event: 3.427 GC heap after
Heap after GC invocations=5 (full 0):
 PSYoungGen      total 38400K, used 5120K [0x00000000d5c00000, 0x00000000db000000, 0x0000000100000000)
  eden space 33280K, 0% used [0x00000000d5c00000,0x00000000d5c00000,0x00000000d7c80000)
  from space 5120K, 100% used [0x00000000d7c80000,0x00000000d8180000,0x00000000d8180000)
  to   space 9728K, 0% used [0x00000000da680000,0x00000000da680000,0x00000000db000000)
 ParOldGen       total 87552K, used 10464K [0x0000000081400000, 0x0000000086980000, 0x00000000d5c00000)
  object space 87552K, 11% used [0x0000000081400000,0x0000000081e383c8,0x0000000086980000)
 Metaspace       used 20639K, capacity 21150K, committed 21248K, reserved 1067008K
  class space    used 2541K, capacity 2726K, committed 2816K, reserved 1048576K
}
Event: 3.428 GC heap before
{Heap before GC invocations=6 (full 1):
 PSYoungGen      total 38400K, used 5120K [0x00000000d5c00000, 0x00000000db000000, 0x0000000100000000)
  eden space 33280K, 0% used [0x00000000d5c00000,0x00000000d5c00000,0x00000000d7c80000)
  from space 5120K, 100% used [0x00000000d7c80000,0x00000000d8180000,0x00000000d8180000)
  to   space 9728K, 0% used [0x00000000da680000,0x00000000da680000,0x00000000db000000)
 ParOldGen       total 87552K, used 10464K [0x0000000081400000, 0x0000000086980000, 0x00000000d5c00000)
  object space 87552K, 11% used [0x0000000081400000,0x0000000081e383c8,0x0000000086980000)
 Metaspace       used 20639K, capacity 21150K, committed 21248K, reserved 1067008K
  class space    used 2541K, capacity 2726K, committed 2816K, reserved 1048576K
Event: 3.593 GC heap after
Heap after GC invocations=6 (full 1):
 PSYoungGen      total 38400K, used 0K [0x00000000d5c00000, 0x00000000db000000, 0x0000000100000000)
  eden space 33280K, 0% used [0x00000000d5c00000,0x00000000d5c00000,0x00000000d7c80000)
  from space 5120K, 0% used [0x00000000d7c80000,0x00000000d7c80000,0x00000000d8180000)
  to   space 9728K, 0% used [0x00000000da680000,0x00000000da680000,0x00000000db000000)
 ParOldGen       total 72704K, used 10066K [0x0000000081400000, 0x0000000085b00000, 0x00000000d5c00000)
  object space 72704K, 13% used [0x0000000081400000,0x0000000081dd4a68,0x0000000085b00000)
 Metaspace       used 20639K, capacity 21150K, committed 21248K, reserved 1067008K
  class space    used 2541K, capacity 2726K, committed 2816K, reserved 1048576K
}
Event: 4.607 GC heap before
{Heap before GC invocations=7 (full 1):
 PSYoungGen      total 38400K, used 33280K [0x00000000d5c00000, 0x00000000db000000, 0x0000000100000000)
  eden space 33280K, 100% used [0x00000000d5c00000,0x00000000d7c80000,0x00000000d7c80000)
  from space 5120K, 0% used [0x00000000d7c80000,0x00000000d7c80000,0x00000000d8180000)
  to   space 9728K, 0% used [0x00000000da680000,0x00000000da680000,0x00000000db000000)
 ParOldGen       total 72704K, used 10066K [0x0000000081400000, 0x0000000085b00000, 0x00000000d5c00000)
  object space 72704K, 13% used [0x0000000081400000,0x0000000081dd4a68,0x0000000085b00000)
 Metaspace       used 25179K, capacity 25924K, committed 26112K, reserved 1073152K
  class space    used 3045K, capacity 3325K, committed 3328K, reserved 1048576K
Event: 4.623 GC heap after
Heap after GC invocations=7 (full 1):
 PSYoungGen      total 49152K, used 7338K [0x00000000d5c00000, 0x00000000dae00000, 0x0000000100000000)
  eden space 41472K, 0% used [0x00000000d5c00000,0x00000000d5c00000,0x00000000d8480000)
  from space 7680K, 95% used [0x00000000da680000,0x00000000dadaa908,0x00000000dae00000)
  to   space 9216K, 0% used [0x00000000d9c00000,0x00000000d9c00000,0x00000000da500000)
 ParOldGen       total 72704K, used 10074K [0x0000000081400000, 0x0000000085b00000, 0x00000000d5c00000)
  object space 72704K, 13% used [0x0000000081400000,0x0000000081dd6a68,0x0000000085b00000)
 Metaspace       used 25179K, capacity 25924K, committed 26112K, reserved 1073152K
  class space    used 3045K, capacity 3325K, committed 3328K, reserved 1048576K
}

