# JRE version: Java(TM) SE Runtime Environment (8.0_51-b16) (build 1.8.0_51-b16)
# Java VM: Java HotSpot(TM) 64-Bit Server VM (25.51-b03 mixed mode windows-amd64 compressed oops)
Heap:
 PSYoungGen      total 102912K, used 92351K [0x00000000d5c00000, 0x00000000df100000, 0x0000000100000000)
  eden space 93184K, 88% used [0x00000000d5c00000,0x00000000dacb08e8,0x00000000db700000)
  from space 9728K, 99% used [0x00000000de780000,0x00000000df0ff640,0x00000000df100000)
  to   space 15872K, 0% used [0x00000000dd200000,0x00000000dd200000,0x00000000de180000)
 ParOldGen       total 66560K, used 19720K [0x0000000081400000, 0x0000000085500000, 0x00000000d5c00000)
  object space 66560K, 29% used [0x0000000081400000,0x0000000082742230,0x0000000085500000)
 Metaspace       used 28530K, capacity 29260K, committed 29568K, reserved 1075200K
  class space    used 3361K, capacity 3618K, committed 3712K, reserved 1048576K
GC Heap History (10 events):
Event: 2.012 GC heap before
{Heap before GC invocations=3 (full 0):
 PSYoungGen      total 38400K, used 38392K [0x00000000d5c00000, 0x00000000da700000, 0x0000000100000000)
  eden space 33280K, 100% used [0x00000000d5c00000,0x00000000d7c80000,0x00000000d7c80000)
  from space 5120K, 99% used [0x00000000d8180000,0x00000000d867e1c8,0x00000000d8680000)
  to   space 5120K, 0% used [0x00000000d7c80000,0x00000000d7c80000,0x00000000d8180000)
 ParOldGen       total 87552K, used 2808K [0x0000000081400000, 0x0000000086980000, 0x00000000d5c00000)
  object space 87552K, 3% used [0x0000000081400000,0x00000000816be070,0x0000000086980000)
 Metaspace       used 15117K, capacity 15416K, committed 15616K, reserved 1062912K
  class space    used 1845K, capacity 1945K, committed 2048K, reserved 1048576K
Event: 2.024 GC heap after
Heap after GC invocations=3 (full 0):
 PSYoungGen      total 38400K, used 5088K [0x00000000d5c00000, 0x00000000da700000, 0x0000000100000000)
  eden space 33280K, 0% used [0x00000000d5c00000,0x00000000d5c00000,0x00000000d7c80000)
  from space 5120K, 99% used [0x00000000d7c80000,0x00000000d8178020,0x00000000d8180000)
  to   space 5120K, 0% used [0x00000000da200000,0x00000000da200000,0x00000000da700000)
 ParOldGen       total 87552K, used 4663K [0x0000000081400000, 0x0000000086980000, 0x00000000d5c00000)
  object space 87552K, 5% used [0x0000000081400000,0x000000008188df28,0x0000000086980000)
 Metaspace       used 15117K, capacity 15416K, committed 15616K, reserved 1062912K
  class space    used 1845K, capacity 1945K, committed 2048K, reserved 1048576K
}
Event: 2.668 GC heap before
{Heap before GC invocations=4 (full 0):
 PSYoungGen      total 38400K, used 38368K [0x00000000d5c00000, 0x00000000da700000, 0x0000000100000000)
  eden space 33280K, 100% used [0x00000000d5c00000,0x00000000d7c80000,0x00000000d7c80000)
  from space 5120K, 99% used [0x00000000d7c80000,0x00000000d8178020,0x00000000d8180000)
  to   space 5120K, 0% used [0x00000000da200000,0x00000000da200000,0x00000000da700000)
 ParOldGen       total 87552K, used 4663K [0x0000000081400000, 0x0000000086980000, 0x00000000d5c00000)
  object space 87552K, 5% used [0x0000000081400000,0x000000008188df28,0x0000000086980000)
 Metaspace       used 16218K, capacity 16618K, committed 16768K, reserved 1064960K
  class space    used 1948K, capacity 2091K, committed 2176K, reserved 1048576K
Event: 2.685 GC heap after
Heap after GC invocations=4 (full 0):
 PSYoungGen      total 71680K, used 5088K [0x00000000d5c00000, 0x00000000da700000, 0x0000000100000000)
  eden space 66560K, 0% used [0x00000000d5c00000,0x00000000d5c00000,0x00000000d9d00000)
  from space 5120K, 99% used [0x00000000da200000,0x00000000da6f8020,0x00000000da700000)
  to   space 5120K, 0% used [0x00000000d9d00000,0x00000000d9d00000,0x00000000da200000)
 ParOldGen       total 87552K, used 7612K [0x0000000081400000, 0x0000000086980000, 0x00000000d5c00000)
  object space 87552K, 8% used [0x0000000081400000,0x0000000081b6f1b8,0x0000000086980000)
 Metaspace       used 16218K, capacity 16618K, committed 16768K, reserved 1064960K
  class space    used 1948K, capacity 2091K, committed 2176K, reserved 1048576K
}
Event: 3.247 GC heap before
{Heap before GC invocations=5 (full 0):
 PSYoungGen      total 71680K, used 35625K [0x00000000d5c00000, 0x00000000da700000, 0x0000000100000000)
  eden space 66560K, 45% used [0x00000000d5c00000,0x00000000d79d23e8,0x00000000d9d00000)
  from space 5120K, 99% used [0x00000000da200000,0x00000000da6f8020,0x00000000da700000)
  to   space 5120K, 0% used [0x00000000d9d00000,0x00000000d9d00000,0x00000000da200000)
 ParOldGen       total 87552K, used 7612K [0x0000000081400000, 0x0000000086980000, 0x00000000d5c00000)
  object space 87552K, 8% used [0x0000000081400000,0x0000000081b6f1b8,0x0000000086980000)
 Metaspace       used 20645K, capacity 21150K, committed 21248K, reserved 1067008K
  class space    used 2542K, capacity 2726K, committed 2816K, reserved 1048576K
Event: 3.266 GC heap after
Heap after GC invocations=5 (full 0):
 PSYoungGen      total 71680K, used 5104K [0x00000000d5c00000, 0x00000000df100000, 0x0000000100000000)
  eden space 66560K, 0% used [0x00000000d5c00000,0x00000000d5c00000,0x00000000d9d00000)
  from space 5120K, 99% used [0x00000000d9d00000,0x00000000da1fc010,0x00000000da200000)
  to   space 9728K, 0% used [0x00000000de780000,0x00000000de780000,0x00000000df100000)
 ParOldGen       total 87552K, used 10571K [0x0000000081400000, 0x0000000086980000, 0x00000000d5c00000)
  object space 87552K, 12% used [0x0000000081400000,0x0000000081e52e18,0x0000000086980000)
 Metaspace       used 20645K, capacity 21150K, committed 21248K, reserved 1067008K
  class space    used 2542K, capacity 2726K, committed 2816K, reserved 1048576K
}
Event: 3.266 GC heap before
{Heap before GC invocations=6 (full 1):
 PSYoungGen      total 71680K, used 5104K [0x00000000d5c00000, 0x00000000df100000, 0x0000000100000000)
  eden space 66560K, 0% used [0x00000000d5c00000,0x00000000d5c00000,0x00000000d9d00000)
  from space 5120K, 99% used [0x00000000d9d00000,0x00000000da1fc010,0x00000000da200000)
  to   space 9728K, 0% used [0x00000000de780000,0x00000000de780000,0x00000000df100000)
 ParOldGen       total 87552K, used 10571K [0x0000000081400000, 0x0000000086980000, 0x00000000d5c00000)
  object space 87552K, 12% used [0x0000000081400000,0x0000000081e52e18,0x0000000086980000)
 Metaspace       used 20645K, capacity 21150K, committed 21248K, reserved 1067008K
  class space    used 2542K, capacity 2726K, committed 2816K, reserved 1048576K
Event: 3.349 GC heap after
Heap after GC invocations=6 (full 1):
 PSYoungGen      total 71680K, used 0K [0x00000000d5c00000, 0x00000000df100000, 0x0000000100000000)
  eden space 66560K, 0% used [0x00000000d5c00000,0x00000000d5c00000,0x00000000d9d00000)
  from space 5120K, 0% used [0x00000000d9d00000,0x00000000d9d00000,0x00000000da200000)
  to   space 9728K, 0% used [0x00000000de780000,0x00000000de780000,0x00000000df100000)
 ParOldGen       total 66560K, used 10062K [0x0000000081400000, 0x0000000085500000, 0x00000000d5c00000)
  object space 66560K, 15% used [0x0000000081400000,0x0000000081dd3848,0x0000000085500000)
 Metaspace       used 20645K, capacity 21150K, committed 21248K, reserved 1067008K
  class space    used 2542K, capacity 2726K, committed 2816K, reserved 1048576K
}
Event: 5.212 GC heap before
{Heap before GC invocations=7 (full 1):
 PSYoungGen      total 71680K, used 66560K [0x00000000d5c00000, 0x00000000df100000, 0x0000000100000000)
  eden space 66560K, 100% used [0x00000000d5c00000,0x00000000d9d00000,0x00000000d9d00000)
  from space 5120K, 0% used [0x00000000d9d00000,0x00000000d9d00000,0x00000000da200000)
  to   space 9728K, 0% used [0x00000000de780000,0x00000000de780000,0x00000000df100000)
 ParOldGen       total 66560K, used 10062K [0x0000000081400000, 0x0000000085500000, 0x00000000d5c00000)
  object space 66560K, 15% used [0x0000000081400000,0x0000000081dd3848,0x0000000085500000)
 Metaspace       used 27921K, capacity 28716K, committed 29056K, reserved 1075200K
  class space    used 3324K, capacity 3586K, committed 3712K, reserved 1048576K
Event: 5.230 GC heap after
Heap after GC invocations=7 (full 1):
 PSYoungGen      total 102912K, used 9725K [0x00000000d5c00000, 0x00000000df100000, 0x0000000100000000)
  eden space 93184K, 0% used [0x00000000d5c00000,0x00000000d5c00000,0x00000000db700000)
  from space 9728K, 99% used [0x00000000de780000,0x00000000df0ff640,0x00000000df100000)
  to   space 15872K, 0% used [0x00000000dd200000,0x00000000dd200000,0x00000000de180000)
 ParOldGen       total 66560K, used 19720K [0x0000000081400000, 0x0000000085500000, 0x00000000d5c00000)
  object space 66560K, 29% used [0x0000000081400000,0x0000000082742230,0x0000000085500000)
 Metaspace       used 27921K, capacity 28716K, committed 29056K, reserved 1075200K
  class space    used 3324K, capacity 3586K, committed 3712K, reserved 1048576K
}

