# JRE version: Java(TM) SE Runtime Environment (8.0_51-b16) (build 1.8.0_51-b16)
# Java VM: Java HotSpot(TM) 64-Bit Server VM (25.51-b03 mixed mode windows-amd64 compressed oops)
Heap:
 PSYoungGen      total 41472K, used 26796K [0x00000000d5c00000, 0x00000000d8e80000, 0x0000000100000000)
  eden space 32256K, 83% used [0x00000000d5c00000,0x00000000d762b008,0x00000000d7b80000)
  from space 9216K, 0% used [0x00000000d8580000,0x00000000d8580000,0x00000000d8e80000)
  to   space 9728K, 0% used [0x00000000d7b80000,0x00000000d7b80000,0x00000000d8500000)
 ParOldGen       total 61440K, used 9375K [0x0000000081400000, 0x0000000085000000, 0x00000000d5c00000)
  object space 61440K, 15% used [0x0000000081400000,0x0000000081d27f70,0x0000000085000000)
 Metaspace       used 24918K, capacity 25646K, committed 25984K, reserved 1073152K
  class space    used 2901K, capacity 3157K, committed 3200K, reserved 1048576K
GC Heap History (10 events):
Event: 4.971 GC heap before
{Heap before GC invocations=3 (full 0):
 PSYoungGen      total 38400K, used 38384K [0x00000000d5c00000, 0x00000000d8680000, 0x0000000100000000)
  eden space 33280K, 100% used [0x00000000d5c00000,0x00000000d7c80000,0x00000000d7c80000)
  from space 5120K, 99% used [0x00000000d8180000,0x00000000d867c2d8,0x00000000d8680000)
  to   space 5120K, 0% used [0x00000000d7c80000,0x00000000d7c80000,0x00000000d8180000)
 ParOldGen       total 87552K, used 2737K [0x0000000081400000, 0x0000000086980000, 0x00000000d5c00000)
  object space 87552K, 3% used [0x0000000081400000,0x00000000816ac490,0x0000000086980000)
 Metaspace       used 15119K, capacity 15416K, committed 15616K, reserved 1062912K
  class space    used 1844K, capacity 1945K, committed 2048K, reserved 1048576K
Event: 4.981 GC heap after
Heap after GC invocations=3 (full 0):
 PSYoungGen      total 38400K, used 5120K [0x00000000d5c00000, 0x00000000d8680000, 0x0000000100000000)
  eden space 33280K, 0% used [0x00000000d5c00000,0x00000000d5c00000,0x00000000d7c80000)
  from space 5120K, 100% used [0x00000000d7c80000,0x00000000d8180000,0x00000000d8180000)
  to   space 5120K, 0% used [0x00000000d8180000,0x00000000d8180000,0x00000000d8680000)
 ParOldGen       total 87552K, used 4589K [0x0000000081400000, 0x0000000086980000, 0x00000000d5c00000)
  object space 87552K, 5% used [0x0000000081400000,0x000000008187b5b0,0x0000000086980000)
 Metaspace       used 15119K, capacity 15416K, committed 15616K, reserved 1062912K
  class space    used 1844K, capacity 1945K, committed 2048K, reserved 1048576K
}
Event: 7.052 GC heap before
{Heap before GC invocations=4 (full 0):
 PSYoungGen      total 38400K, used 38400K [0x00000000d5c00000, 0x00000000d8680000, 0x0000000100000000)
  eden space 33280K, 100% used [0x00000000d5c00000,0x00000000d7c80000,0x00000000d7c80000)
  from space 5120K, 100% used [0x00000000d7c80000,0x00000000d8180000,0x00000000d8180000)
  to   space 5120K, 0% used [0x00000000d8180000,0x00000000d8180000,0x00000000d8680000)
 ParOldGen       total 87552K, used 4589K [0x0000000081400000, 0x0000000086980000, 0x00000000d5c00000)
  object space 87552K, 5% used [0x0000000081400000,0x000000008187b5b0,0x0000000086980000)
 Metaspace       used 16206K, capacity 16618K, committed 16768K, reserved 1064960K
  class space    used 1946K, capacity 2091K, committed 2176K, reserved 1048576K
Event: 7.070 GC heap after
Heap after GC invocations=4 (full 0):
 PSYoungGen      total 38400K, used 5088K [0x00000000d5c00000, 0x00000000d8680000, 0x0000000100000000)
  eden space 33280K, 0% used [0x00000000d5c00000,0x00000000d5c00000,0x00000000d7c80000)
  from space 5120K, 99% used [0x00000000d8180000,0x00000000d8678020,0x00000000d8680000)
  to   space 5120K, 0% used [0x00000000d7c80000,0x00000000d7c80000,0x00000000d8180000)
 ParOldGen       total 87552K, used 7487K [0x0000000081400000, 0x0000000086980000, 0x00000000d5c00000)
  object space 87552K, 8% used [0x0000000081400000,0x0000000081b4ffb0,0x0000000086980000)
 Metaspace       used 16206K, capacity 16618K, committed 16768K, reserved 1064960K
  class space    used 1946K, capacity 2091K, committed 2176K, reserved 1048576K
}
Event: 8.656 GC heap before
{Heap before GC invocations=5 (full 0):
 PSYoungGen      total 38400K, used 38368K [0x00000000d5c00000, 0x00000000d8680000, 0x0000000100000000)
  eden space 33280K, 100% used [0x00000000d5c00000,0x00000000d7c80000,0x00000000d7c80000)
  from space 5120K, 99% used [0x00000000d8180000,0x00000000d8678020,0x00000000d8680000)
  to   space 5120K, 0% used [0x00000000d7c80000,0x00000000d7c80000,0x00000000d8180000)
 ParOldGen       total 87552K, used 7487K [0x0000000081400000, 0x0000000086980000, 0x00000000d5c00000)
  object space 87552K, 8% used [0x0000000081400000,0x0000000081b4ffb0,0x0000000086980000)
 Metaspace       used 17807K, capacity 18474K, committed 18560K, reserved 1064960K
  class space    used 2138K, capacity 2350K, committed 2432K, reserved 1048576K
Event: 8.671 GC heap after
Heap after GC invocations=5 (full 0):
 PSYoungGen      total 37888K, used 5104K [0x00000000d5c00000, 0x00000000d8f00000, 0x0000000100000000)
  eden space 32768K, 0% used [0x00000000d5c00000,0x00000000d5c00000,0x00000000d7c00000)
  from space 5120K, 99% used [0x00000000d7c80000,0x00000000d817c010,0x00000000d8180000)
  to   space 9728K, 0% used [0x00000000d8580000,0x00000000d8580000,0x00000000d8f00000)
 ParOldGen       total 87552K, used 10525K [0x0000000081400000, 0x0000000086980000, 0x00000000d5c00000)
  object space 87552K, 12% used [0x0000000081400000,0x0000000081e47668,0x0000000086980000)
 Metaspace       used 17807K, capacity 18474K, committed 18560K, reserved 1064960K
  class space    used 2138K, capacity 2350K, committed 2432K, reserved 1048576K
}
Event: 9.213 GC heap before
{Heap before GC invocations=6 (full 0):
 PSYoungGen      total 37888K, used 8927K [0x00000000d5c00000, 0x00000000d8f00000, 0x0000000100000000)
  eden space 32768K, 11% used [0x00000000d5c00000,0x00000000d5fbbcc0,0x00000000d7c00000)
  from space 5120K, 99% used [0x00000000d7c80000,0x00000000d817c010,0x00000000d8180000)
  to   space 9728K, 0% used [0x00000000d8580000,0x00000000d8580000,0x00000000d8f00000)
 ParOldGen       total 87552K, used 10525K [0x0000000081400000, 0x0000000086980000, 0x00000000d5c00000)
  object space 87552K, 12% used [0x0000000081400000,0x0000000081e47668,0x0000000086980000)
 Metaspace       used 20461K, capacity 21176K, committed 21296K, reserved 1069056K
  class space    used 2419K, capacity 2677K, committed 2688K, reserved 1048576K
Event: 9.224 GC heap after
Heap after GC invocations=6 (full 0):
 PSYoungGen      total 41472K, used 5828K [0x00000000d5c00000, 0x00000000d8e80000, 0x0000000100000000)
  eden space 32256K, 0% used [0x00000000d5c00000,0x00000000d5c00000,0x00000000d7b80000)
  from space 9216K, 63% used [0x00000000d8580000,0x00000000d8b312f0,0x00000000d8e80000)
  to   space 9728K, 0% used [0x00000000d7b80000,0x00000000d7b80000,0x00000000d8500000)
 ParOldGen       total 87552K, used 10533K [0x0000000081400000, 0x0000000086980000, 0x00000000d5c00000)
  object space 87552K, 12% used [0x0000000081400000,0x0000000081e49668,0x0000000086980000)
 Metaspace       used 20461K, capacity 21176K, committed 21296K, reserved 1069056K
  class space    used 2419K, capacity 2677K, committed 2688K, reserved 1048576K
}
Event: 9.224 GC heap before
{Heap before GC invocations=7 (full 1):
 PSYoungGen      total 41472K, used 5828K [0x00000000d5c00000, 0x00000000d8e80000, 0x0000000100000000)
  eden space 32256K, 0% used [0x00000000d5c00000,0x00000000d5c00000,0x00000000d7b80000)
  from space 9216K, 63% used [0x00000000d8580000,0x00000000d8b312f0,0x00000000d8e80000)
  to   space 9728K, 0% used [0x00000000d7b80000,0x00000000d7b80000,0x00000000d8500000)
 ParOldGen       total 87552K, used 10533K [0x0000000081400000, 0x0000000086980000, 0x00000000d5c00000)
  object space 87552K, 12% used [0x0000000081400000,0x0000000081e49668,0x0000000086980000)
 Metaspace       used 20461K, capacity 21176K, committed 21296K, reserved 1069056K
  class space    used 2419K, capacity 2677K, committed 2688K, reserved 1048576K
Event: 9.291 GC heap after
Heap after GC invocations=7 (full 1):
 PSYoungGen      total 41472K, used 0K [0x00000000d5c00000, 0x00000000d8e80000, 0x0000000100000000)
  eden space 32256K, 0% used [0x00000000d5c00000,0x00000000d5c00000,0x00000000d7b80000)
  from space 9216K, 0% used [0x00000000d8580000,0x00000000d8580000,0x00000000d8e80000)
  to   space 9728K, 0% used [0x00000000d7b80000,0x00000000d7b80000,0x00000000d8500000)
 ParOldGen       total 61440K, used 9375K [0x0000000081400000, 0x0000000085000000, 0x00000000d5c00000)
  object space 61440K, 15% used [0x0000000081400000,0x0000000081d27f70,0x0000000085000000)
 Metaspace       used 20461K, capacity 21176K, committed 21296K, reserved 1069056K
  class space    used 2419K, capacity 2677K, committed 2688K, reserved 1048576K
}

