# JRE version: Java(TM) SE Runtime Environment (8.0_51-b16) (build 1.8.0_51-b16)
# Java VM: Java HotSpot(TM) 64-Bit Server VM (25.51-b03 mixed mode windows-amd64 compressed oops)
Heap:
 PSYoungGen      total 43008K, used 24542K [0x00000000d5c00000, 0x00000000d9e80000, 0x0000000100000000)
  eden space 32256K, 42% used [0x00000000d5c00000,0x00000000d697b230,0x00000000d7b80000)
  from space 10752K, 99% used [0x00000000d7b80000,0x00000000d85fc630,0x00000000d8600000)
  to   space 12288K, 0% used [0x00000000d9280000,0x00000000d9280000,0x00000000d9e80000)
 ParOldGen       total 68608K, used 11084K [0x0000000081400000, 0x0000000085700000, 0x00000000d5c00000)
  object space 68608K, 16% used [0x0000000081400000,0x0000000081ed3188,0x0000000085700000)
 Metaspace       used 29881K, capacity 30704K, committed 30976K, reserved 1077248K
  class space    used 3475K, capacity 3760K, committed 3840K, reserved 1048576K
GC Heap History (10 events):
Event: 6.203 GC heap before
{Heap before GC invocations=4 (full 0):
 PSYoungGen      total 38400K, used 38368K [0x00000000d5c00000, 0x00000000d8680000, 0x0000000100000000)
  eden space 33280K, 100% used [0x00000000d5c00000,0x00000000d7c80000,0x00000000d7c80000)
  from space 5120K, 99% used [0x00000000d7c80000,0x00000000d8178020,0x00000000d8180000)
  to   space 5120K, 0% used [0x00000000d8180000,0x00000000d8180000,0x00000000d8680000)
 ParOldGen       total 87552K, used 4721K [0x0000000081400000, 0x0000000086980000, 0x00000000d5c00000)
  object space 87552K, 5% used [0x0000000081400000,0x000000008189c4f0,0x0000000086980000)
 Metaspace       used 16204K, capacity 16618K, committed 16768K, reserved 1064960K
  class space    used 1946K, capacity 2091K, committed 2176K, reserved 1048576K
Event: 6.214 GC heap after
Heap after GC invocations=4 (full 0):
 PSYoungGen      total 38400K, used 5104K [0x00000000d5c00000, 0x00000000d8680000, 0x0000000100000000)
  eden space 33280K, 0% used [0x00000000d5c00000,0x00000000d5c00000,0x00000000d7c80000)
  from space 5120K, 99% used [0x00000000d8180000,0x00000000d867c030,0x00000000d8680000)
  to   space 5120K, 0% used [0x00000000d7c80000,0x00000000d7c80000,0x00000000d8180000)
 ParOldGen       total 87552K, used 7756K [0x0000000081400000, 0x0000000086980000, 0x00000000d5c00000)
  object space 87552K, 8% used [0x0000000081400000,0x0000000081b93350,0x0000000086980000)
 Metaspace       used 16204K, capacity 16618K, committed 16768K, reserved 1064960K
  class space    used 1946K, capacity 2091K, committed 2176K, reserved 1048576K
}
Event: 8.382 GC heap before
{Heap before GC invocations=5 (full 0):
 PSYoungGen      total 38400K, used 32854K [0x00000000d5c00000, 0x00000000d8680000, 0x0000000100000000)
  eden space 33280K, 83% used [0x00000000d5c00000,0x00000000d7719a68,0x00000000d7c80000)
  from space 5120K, 99% used [0x00000000d8180000,0x00000000d867c030,0x00000000d8680000)
  to   space 5120K, 0% used [0x00000000d7c80000,0x00000000d7c80000,0x00000000d8180000)
 ParOldGen       total 87552K, used 7756K [0x0000000081400000, 0x0000000086980000, 0x00000000d5c00000)
  object space 87552K, 8% used [0x0000000081400000,0x0000000081b93350,0x0000000086980000)
 Metaspace       used 20597K, capacity 21170K, committed 21296K, reserved 1069056K
  class space    used 2470K, capacity 2657K, committed 2688K, reserved 1048576K
Event: 8.393 GC heap after
Heap after GC invocations=5 (full 0):
 PSYoungGen      total 37888K, used 5088K [0x00000000d5c00000, 0x00000000d9000000, 0x0000000100000000)
  eden space 32768K, 0% used [0x00000000d5c00000,0x00000000d5c00000,0x00000000d7c00000)
  from space 5120K, 99% used [0x00000000d7c80000,0x00000000d8178020,0x00000000d8180000)
  to   space 10240K, 0% used [0x00000000d8600000,0x00000000d8600000,0x00000000d9000000)
 ParOldGen       total 87552K, used 11591K [0x0000000081400000, 0x0000000086980000, 0x00000000d5c00000)
  object space 87552K, 13% used [0x0000000081400000,0x0000000081f51d08,0x0000000086980000)
 Metaspace       used 20597K, capacity 21170K, committed 21296K, reserved 1069056K
  class space    used 2470K, capacity 2657K, committed 2688K, reserved 1048576K
}
Event: 8.393 GC heap before
{Heap before GC invocations=6 (full 1):
 PSYoungGen      total 37888K, used 5088K [0x00000000d5c00000, 0x00000000d9000000, 0x0000000100000000)
  eden space 32768K, 0% used [0x00000000d5c00000,0x00000000d5c00000,0x00000000d7c00000)
  from space 5120K, 99% used [0x00000000d7c80000,0x00000000d8178020,0x00000000d8180000)
  to   space 10240K, 0% used [0x00000000d8600000,0x00000000d8600000,0x00000000d9000000)
 ParOldGen       total 87552K, used 11591K [0x0000000081400000, 0x0000000086980000, 0x00000000d5c00000)
  object space 87552K, 13% used [0x0000000081400000,0x0000000081f51d08,0x0000000086980000)
 Metaspace       used 20597K, capacity 21170K, committed 21296K, reserved 1069056K
  class space    used 2470K, capacity 2657K, committed 2688K, reserved 1048576K
Event: 8.457 GC heap after
Heap after GC invocations=6 (full 1):
 PSYoungGen      total 37888K, used 0K [0x00000000d5c00000, 0x00000000d9000000, 0x0000000100000000)
  eden space 32768K, 0% used [0x00000000d5c00000,0x00000000d5c00000,0x00000000d7c00000)
  from space 5120K, 0% used [0x00000000d7c80000,0x00000000d7c80000,0x00000000d8180000)
  to   space 10240K, 0% used [0x00000000d8600000,0x00000000d8600000,0x00000000d9000000)
 ParOldGen       total 68608K, used 10981K [0x0000000081400000, 0x0000000085700000, 0x00000000d5c00000)
  object space 68608K, 16% used [0x0000000081400000,0x0000000081eb9630,0x0000000085700000)
 Metaspace       used 20597K, capacity 21170K, committed 21296K, reserved 1069056K
  class space    used 2470K, capacity 2657K, committed 2688K, reserved 1048576K
}
Event: 21.963 GC heap before
{Heap before GC invocations=7 (full 1):
 PSYoungGen      total 37888K, used 32768K [0x00000000d5c00000, 0x00000000d9000000, 0x0000000100000000)
  eden space 32768K, 100% used [0x00000000d5c00000,0x00000000d7c00000,0x00000000d7c00000)
  from space 5120K, 0% used [0x00000000d7c80000,0x00000000d7c80000,0x00000000d8180000)
  to   space 10240K, 0% used [0x00000000d8600000,0x00000000d8600000,0x00000000d9000000)
 ParOldGen       total 68608K, used 10981K [0x0000000081400000, 0x0000000085700000, 0x00000000d5c00000)
  object space 68608K, 16% used [0x0000000081400000,0x0000000081eb9630,0x0000000085700000)
 Metaspace       used 22979K, capacity 23706K, committed 23808K, reserved 1071104K
  class space    used 2753K, capacity 3004K, committed 3072K, reserved 1048576K
Event: 21.970 GC heap after
Heap after GC invocations=7 (full 1):
 PSYoungGen      total 42496K, used 3725K [0x00000000d5c00000, 0x00000000d9d00000, 0x0000000100000000)
  eden space 32256K, 0% used [0x00000000d5c00000,0x00000000d5c00000,0x00000000d7b80000)
  from space 10240K, 36% used [0x00000000d8600000,0x00000000d89a3508,0x00000000d9000000)
  to   space 10752K, 0% used [0x00000000d7b80000,0x00000000d7b80000,0x00000000d8600000)
 ParOldGen       total 68608K, used 10989K [0x0000000081400000, 0x0000000085700000, 0x00000000d5c00000)
  object space 68608K, 16% used [0x0000000081400000,0x0000000081ebb630,0x0000000085700000)
 Metaspace       used 22979K, capacity 23706K, committed 23808K, reserved 1071104K
  class space    used 2753K, capacity 3004K, committed 3072K, reserved 1048576K
}
Event: 24.142 GC heap before
{Heap before GC invocations=8 (full 1):
 PSYoungGen      total 42496K, used 35981K [0x00000000d5c00000, 0x00000000d9d00000, 0x0000000100000000)
  eden space 32256K, 100% used [0x00000000d5c00000,0x00000000d7b80000,0x00000000d7b80000)
  from space 10240K, 36% used [0x00000000d8600000,0x00000000d89a3508,0x00000000d9000000)
  to   space 10752K, 0% used [0x00000000d7b80000,0x00000000d7b80000,0x00000000d8600000)
 ParOldGen       total 68608K, used 10989K [0x0000000081400000, 0x0000000085700000, 0x00000000d5c00000)
  object space 68608K, 16% used [0x0000000081400000,0x0000000081ebb630,0x0000000085700000)
 Metaspace       used 28308K, capacity 29168K, committed 29312K, reserved 1075200K
  class space    used 3326K, capacity 3632K, committed 3712K, reserved 1048576K
Event: 24.149 GC heap after
Heap after GC invocations=8 (full 1):
 PSYoungGen      total 43008K, used 10737K [0x00000000d5c00000, 0x00000000d9e80000, 0x0000000100000000)
  eden space 32256K, 0% used [0x00000000d5c00000,0x00000000d5c00000,0x00000000d7b80000)
  from space 10752K, 99% used [0x00000000d7b80000,0x00000000d85fc630,0x00000000d8600000)
  to   space 12288K, 0% used [0x00000000d9280000,0x00000000d9280000,0x00000000d9e80000)
 ParOldGen       total 68608K, used 11084K [0x0000000081400000, 0x0000000085700000, 0x00000000d5c00000)
  object space 68608K, 16% used [0x0000000081400000,0x0000000081ed3188,0x0000000085700000)
 Metaspace       used 28308K, capacity 29168K, committed 29312K, reserved 1075200K
  class space    used 3326K, capacity 3632K, committed 3712K, reserved 1048576K
}

